{"/Users/diogocezar/www/dctb-express-sequelize/src/app.js": {"path":"/Users/diogocezar/www/dctb-express-sequelize/src/app.js","statementMap":{"0":{"start":{"line":1,"column":0},"end":{"line":3,"column":2}},"1":{"start":{"line":5,"column":16},"end":{"line":5,"column":34}},"2":{"start":{"line":6,"column":13},"end":{"line":6,"column":28}},"3":{"start":{"line":7,"column":15},"end":{"line":7,"column":34}},"4":{"start":{"line":9,"column":49},"end":{"line":9,"column":87}},"5":{"start":{"line":10,"column":25},"end":{"line":10,"column":66}},"6":{"start":{"line":11,"column":22},"end":{"line":11,"column":56}},"7":{"start":{"line":15,"column":4},"end":{"line":15,"column":24}},"8":{"start":{"line":16,"column":4},"end":{"line":16,"column":22}},"9":{"start":{"line":17,"column":4},"end":{"line":17,"column":18}},"10":{"start":{"line":18,"column":4},"end":{"line":18,"column":17}},"11":{"start":{"line":19,"column":4},"end":{"line":19,"column":17}},"12":{"start":{"line":23,"column":4},"end":{"line":23,"column":24}},"13":{"start":{"line":24,"column":4},"end":{"line":24,"column":32}},"14":{"start":{"line":25,"column":4},"end":{"line":25,"column":36}},"15":{"start":{"line":26,"column":4},"end":{"line":26,"column":34}},"16":{"start":{"line":30,"column":4},"end":{"line":30,"column":31}},"17":{"start":{"line":34,"column":4},"end":{"line":34,"column":24}},"18":{"start":{"line":38,"column":4},"end":{"line":38,"column":34}},"19":{"start":{"line":42,"column":0},"end":{"line":42,"column":30}}},"fnMap":{"0":{"name":"(anonymous_0)","decl":{"start":{"line":14,"column":2},"end":{"line":14,"column":3}},"loc":{"start":{"line":14,"column":16},"end":{"line":20,"column":3}},"line":14},"1":{"name":"(anonymous_1)","decl":{"start":{"line":22,"column":2},"end":{"line":22,"column":3}},"loc":{"start":{"line":22,"column":16},"end":{"line":27,"column":3}},"line":22},"2":{"name":"(anonymous_2)","decl":{"start":{"line":29,"column":2},"end":{"line":29,"column":3}},"loc":{"start":{"line":29,"column":12},"end":{"line":31,"column":3}},"line":29},"3":{"name":"(anonymous_3)","decl":{"start":{"line":33,"column":2},"end":{"line":33,"column":3}},"loc":{"start":{"line":33,"column":11},"end":{"line":35,"column":3}},"line":33},"4":{"name":"(anonymous_4)","decl":{"start":{"line":37,"column":2},"end":{"line":37,"column":3}},"loc":{"start":{"line":37,"column":11},"end":{"line":39,"column":3}},"line":37}},"branchMap":{"0":{"loc":{"start":{"line":2,"column":8},"end":{"line":2,"column":62}},"type":"cond-expr","locations":[{"start":{"line":2,"column":42},"end":{"line":2,"column":53}},{"start":{"line":2,"column":56},"end":{"line":2,"column":62}}],"line":2}},"s":{"0":1,"1":1,"2":1,"3":1,"4":1,"5":1,"6":1,"7":1,"8":1,"9":1,"10":1,"11":1,"12":1,"13":1,"14":1,"15":1,"16":1,"17":1,"18":1,"19":1},"f":{"0":1,"1":1,"2":1,"3":1,"4":1},"b":{"0":[1,0]},"_coverageSchema":"43e27e138ebf9cfc5966b082cf9a028302ed4184","hash":"a2abe2b47173bacfafc7c69c5c2bf16111e3a94c"}
,"/Users/diogocezar/www/dctb-express-sequelize/src/server.js": {"path":"/Users/diogocezar/www/dctb-express-sequelize/src/server.js","statementMap":{"0":{"start":{"line":1,"column":12},"end":{"line":1,"column":28}},"1":{"start":{"line":3,"column":0},"end":{"line":3,"column":36}}},"fnMap":{},"branchMap":{"0":{"loc":{"start":{"line":3,"column":11},"end":{"line":3,"column":35}},"type":"binary-expr","locations":[{"start":{"line":3,"column":11},"end":{"line":3,"column":27}},{"start":{"line":3,"column":31},"end":{"line":3,"column":35}}],"line":3}},"s":{"0":0,"1":0},"f":{},"b":{"0":[0,0]},"hash":"dff2c7430cbd590d37ee0e2d9217d800440d1846"}
,"/Users/diogocezar/www/dctb-express-sequelize/src/config/database.js": {"path":"/Users/diogocezar/www/dctb-express-sequelize/src/config/database.js","statementMap":{"0":{"start":{"line":1,"column":0},"end":{"line":3,"column":2}},"1":{"start":{"line":5,"column":0},"end":{"line":19,"column":1}}},"fnMap":{},"branchMap":{"0":{"loc":{"start":{"line":2,"column":8},"end":{"line":2,"column":62}},"type":"cond-expr","locations":[{"start":{"line":2,"column":42},"end":{"line":2,"column":53}},{"start":{"line":2,"column":56},"end":{"line":2,"column":62}}],"line":2}},"s":{"0":2,"1":2},"f":{},"b":{"0":[2,0]},"_coverageSchema":"43e27e138ebf9cfc5966b082cf9a028302ed4184","hash":"0ff814f1367a96f6fb296aad7baea805c47eef57"}
,"/Users/diogocezar/www/dctb-express-sequelize/src/config/jwt.js": {"path":"/Users/diogocezar/www/dctb-express-sequelize/src/config/jwt.js","statementMap":{"0":{"start":{"line":1,"column":0},"end":{"line":1,"column":26}},"1":{"start":{"line":3,"column":0},"end":{"line":6,"column":1}}},"fnMap":{},"branchMap":{},"s":{"0":0,"1":0},"f":{},"b":{},"hash":"73f3ae02b644da397bedbb46dcdb7eefb11c649b"}
,"/Users/diogocezar/www/dctb-express-sequelize/src/config/swagger.js": {"path":"/Users/diogocezar/www/dctb-express-sequelize/src/config/swagger.js","statementMap":{"0":{"start":{"line":1,"column":0},"end":{"line":1,"column":26}},"1":{"start":{"line":3,"column":0},"end":{"line":11,"column":1}}},"fnMap":{},"branchMap":{"0":{"loc":{"start":{"line":9,"column":21},"end":{"line":9,"column":45}},"type":"binary-expr","locations":[{"start":{"line":9,"column":21},"end":{"line":9,"column":37}},{"start":{"line":9,"column":41},"end":{"line":9,"column":45}}],"line":9}},"s":{"0":1,"1":1},"f":{},"b":{"0":[1,0]},"_coverageSchema":"43e27e138ebf9cfc5966b082cf9a028302ed4184","hash":"4657b59883cccbd2a62318c3aa40d5225b8aa86e"}
,"/Users/diogocezar/www/dctb-express-sequelize/src/controllers/PaymentLinksController.js": {"path":"/Users/diogocezar/www/dctb-express-sequelize/src/controllers/PaymentLinksController.js","statementMap":{"0":{"start":{"line":1,"column":25},"end":{"line":1,"column":45}},"1":{"start":{"line":5,"column":25},"end":{"line":5,"column":53}},"2":{"start":{"line":6,"column":4},"end":{"line":6,"column":33}},"3":{"start":{"line":10,"column":0},"end":{"line":10,"column":45}}},"fnMap":{"0":{"name":"(anonymous_0)","decl":{"start":{"line":4,"column":2},"end":{"line":4,"column":3}},"loc":{"start":{"line":4,"column":23},"end":{"line":7,"column":3}},"line":4}},"branchMap":{},"s":{"0":1,"1":0,"2":0,"3":1},"f":{"0":0},"b":{},"_coverageSchema":"43e27e138ebf9cfc5966b082cf9a028302ed4184","hash":"2fe12c4da8b51dba2b924e30a741fb9bc5854e19"}
,"/Users/diogocezar/www/dctb-express-sequelize/src/controllers/SessionController.js": {"path":"/Users/diogocezar/www/dctb-express-sequelize/src/controllers/SessionController.js","statementMap":{"0":{"start":{"line":1,"column":17},"end":{"line":1,"column":37}},"1":{"start":{"line":2,"column":15},"end":{"line":2,"column":34}},"2":{"start":{"line":6,"column":32},"end":{"line":6,"column":40}},"3":{"start":{"line":7,"column":17},"end":{"line":7,"column":57}},"4":{"start":{"line":8,"column":4},"end":{"line":8,"column":74}},"5":{"start":{"line":8,"column":15},"end":{"line":8,"column":74}},"6":{"start":{"line":9,"column":4},"end":{"line":11,"column":5}},"7":{"start":{"line":10,"column":6},"end":{"line":10,"column":68}},"8":{"start":{"line":12,"column":4},"end":{"line":12,"column":70}},"9":{"start":{"line":16,"column":0},"end":{"line":16,"column":40}}},"fnMap":{"0":{"name":"(anonymous_0)","decl":{"start":{"line":5,"column":2},"end":{"line":5,"column":3}},"loc":{"start":{"line":5,"column":24},"end":{"line":13,"column":3}},"line":5}},"branchMap":{"0":{"loc":{"start":{"line":8,"column":4},"end":{"line":8,"column":74}},"type":"if","locations":[{"start":{"line":8,"column":4},"end":{"line":8,"column":74}},{"start":{"line":8,"column":4},"end":{"line":8,"column":74}}],"line":8},"1":{"loc":{"start":{"line":9,"column":4},"end":{"line":11,"column":5}},"type":"if","locations":[{"start":{"line":9,"column":4},"end":{"line":11,"column":5}},{"start":{"line":9,"column":4},"end":{"line":11,"column":5}}],"line":9}},"s":{"0":1,"1":1,"2":3,"3":3,"4":3,"5":0,"6":3,"7":1,"8":2,"9":1},"f":{"0":3},"b":{"0":[0,3],"1":[1,2]},"_coverageSchema":"43e27e138ebf9cfc5966b082cf9a028302ed4184","hash":"846821e144b864a997b38723716fb08fed5b70b4"}
,"/Users/diogocezar/www/dctb-express-sequelize/src/controllers/UserController.js": {"path":"/Users/diogocezar/www/dctb-express-sequelize/src/controllers/UserController.js","statementMap":{"0":{"start":{"line":1,"column":18},"end":{"line":1,"column":52}},"1":{"start":{"line":2,"column":17},"end":{"line":2,"column":37}},"2":{"start":{"line":3,"column":25},"end":{"line":3,"column":63}},"3":{"start":{"line":4,"column":23},"end":{"line":4,"column":59}},"4":{"start":{"line":8,"column":4},"end":{"line":28,"column":5}},"5":{"start":{"line":34,"column":4},"end":{"line":41,"column":5}},"6":{"start":{"line":35,"column":6},"end":{"line":38,"column":7}},"7":{"start":{"line":36,"column":21},"end":{"line":36,"column":48}},"8":{"start":{"line":37,"column":8},"end":{"line":37,"column":69}},"9":{"start":{"line":40,"column":6},"end":{"line":40,"column":72}},"10":{"start":{"line":42,"column":4},"end":{"line":42,"column":10}},"11":{"start":{"line":46,"column":17},"end":{"line":46,"column":69}},"12":{"start":{"line":47,"column":21},"end":{"line":49,"column":63}},"13":{"start":{"line":50,"column":4},"end":{"line":50,"column":22}},"14":{"start":{"line":51,"column":4},"end":{"line":51,"column":10}},"15":{"start":{"line":55,"column":0},"end":{"line":55,"column":52}},"16":{"start":{"line":56,"column":0},"end":{"line":56,"column":50}}},"fnMap":{"0":{"name":"(anonymous_0)","decl":{"start":{"line":7,"column":2},"end":{"line":7,"column":3}},"loc":{"start":{"line":7,"column":18},"end":{"line":29,"column":3}},"line":7},"1":{"name":"(anonymous_1)","decl":{"start":{"line":33,"column":2},"end":{"line":33,"column":3}},"loc":{"start":{"line":33,"column":30},"end":{"line":43,"column":3}},"line":33},"2":{"name":"(anonymous_2)","decl":{"start":{"line":45,"column":2},"end":{"line":45,"column":3}},"loc":{"start":{"line":45,"column":29},"end":{"line":52,"column":3}},"line":45}},"branchMap":{"0":{"loc":{"start":{"line":35,"column":6},"end":{"line":38,"column":7}},"type":"if","locations":[{"start":{"line":35,"column":6},"end":{"line":38,"column":7}},{"start":{"line":35,"column":6},"end":{"line":38,"column":7}}],"line":35},"1":{"loc":{"start":{"line":47,"column":21},"end":{"line":49,"column":63}},"type":"cond-expr","locations":[{"start":{"line":48,"column":8},"end":{"line":48,"column":61}},{"start":{"line":49,"column":8},"end":{"line":49,"column":63}}],"line":47}},"s":{"0":1,"1":1,"2":1,"3":1,"4":1,"5":0,"6":0,"7":0,"8":0,"9":0,"10":0,"11":0,"12":0,"13":0,"14":0,"15":1,"16":1},"f":{"0":1,"1":0,"2":0},"b":{"0":[0,0],"1":[0,0]},"_coverageSchema":"43e27e138ebf9cfc5966b082cf9a028302ed4184","hash":"1541b9b031995c1d08a69c7f7835305ed0ef5899"}
,"/Users/diogocezar/www/dctb-express-sequelize/src/database/migrations/20190420125737-create-users.js": {"path":"/Users/diogocezar/www/dctb-express-sequelize/src/database/migrations/20190420125737-create-users.js","statementMap":{"0":{"start":{"line":1,"column":0},"end":{"line":33,"column":1}},"1":{"start":{"line":2,"column":37},"end":{"line":31,"column":4}},"2":{"start":{"line":32,"column":26},"end":{"line":32,"column":59}}},"fnMap":{"0":{"name":"(anonymous_0)","decl":{"start":{"line":2,"column":6},"end":{"line":2,"column":7}},"loc":{"start":{"line":2,"column":37},"end":{"line":31,"column":4}},"line":2},"1":{"name":"(anonymous_1)","decl":{"start":{"line":32,"column":8},"end":{"line":32,"column":9}},"loc":{"start":{"line":32,"column":26},"end":{"line":32,"column":59}},"line":32}},"branchMap":{},"s":{"0":0,"1":0,"2":0},"f":{"0":0,"1":0},"b":{},"hash":"ad484a5f4acc3477539e742f35b8af70fb158caa"}
,"/Users/diogocezar/www/dctb-express-sequelize/src/database/migrations/20190427113310-create-logs.js": {"path":"/Users/diogocezar/www/dctb-express-sequelize/src/database/migrations/20190427113310-create-logs.js","statementMap":{"0":{"start":{"line":1,"column":0},"end":{"line":41,"column":1}},"1":{"start":{"line":2,"column":37},"end":{"line":38,"column":4}},"2":{"start":{"line":40,"column":26},"end":{"line":40,"column":58}}},"fnMap":{"0":{"name":"(anonymous_0)","decl":{"start":{"line":2,"column":6},"end":{"line":2,"column":7}},"loc":{"start":{"line":2,"column":37},"end":{"line":38,"column":4}},"line":2},"1":{"name":"(anonymous_1)","decl":{"start":{"line":40,"column":8},"end":{"line":40,"column":9}},"loc":{"start":{"line":40,"column":26},"end":{"line":40,"column":58}},"line":40}},"branchMap":{},"s":{"0":0,"1":0,"2":0},"f":{"0":0,"1":0},"b":{},"hash":"7dc380d762b8f2d0c714c8eee7142e38b1e2281b"}
,"/Users/diogocezar/www/dctb-express-sequelize/src/database/seeders/20190427211243-demo-user.js": {"path":"/Users/diogocezar/www/dctb-express-sequelize/src/database/seeders/20190427211243-demo-user.js","statementMap":{"0":{"start":{"line":1,"column":0},"end":{"line":15,"column":1}},"1":{"start":{"line":2,"column":37},"end":{"line":12,"column":3}},"2":{"start":{"line":14,"column":39},"end":{"line":14,"column":83}}},"fnMap":{"0":{"name":"(anonymous_0)","decl":{"start":{"line":2,"column":6},"end":{"line":2,"column":7}},"loc":{"start":{"line":2,"column":37},"end":{"line":12,"column":3}},"line":2},"1":{"name":"(anonymous_1)","decl":{"start":{"line":14,"column":8},"end":{"line":14,"column":9}},"loc":{"start":{"line":14,"column":39},"end":{"line":14,"column":83}},"line":14}},"branchMap":{},"s":{"0":0,"1":0,"2":0},"f":{"0":0,"1":0},"b":{},"hash":"72de59128cbf7fb65ad05706a40b26f60af1ee08"}
,"/Users/diogocezar/www/dctb-express-sequelize/src/helpers/ResponseHelper.js": {"path":"/Users/diogocezar/www/dctb-express-sequelize/src/helpers/ResponseHelper.js","statementMap":{"0":{"start":{"line":3,"column":4},"end":{"line":6,"column":5}},"1":{"start":{"line":10,"column":18},"end":{"line":10,"column":27}},"2":{"start":{"line":11,"column":4},"end":{"line":11,"column":29}},"3":{"start":{"line":12,"column":4},"end":{"line":12,"column":29}},"4":{"start":{"line":13,"column":4},"end":{"line":13,"column":25}},"5":{"start":{"line":14,"column":4},"end":{"line":17,"column":5}},"6":{"start":{"line":15,"column":6},"end":{"line":15,"column":36}},"7":{"start":{"line":16,"column":6},"end":{"line":16,"column":27}},"8":{"start":{"line":18,"column":4},"end":{"line":18,"column":18}},"9":{"start":{"line":22,"column":0},"end":{"line":22,"column":37}}},"fnMap":{"0":{"name":"(anonymous_0)","decl":{"start":{"line":2,"column":2},"end":{"line":2,"column":3}},"loc":{"start":{"line":2,"column":16},"end":{"line":7,"column":3}},"line":2},"1":{"name":"(anonymous_1)","decl":{"start":{"line":9,"column":2},"end":{"line":9,"column":3}},"loc":{"start":{"line":9,"column":42},"end":{"line":19,"column":3}},"line":9}},"branchMap":{"0":{"loc":{"start":{"line":9,"column":29},"end":{"line":9,"column":40}},"type":"default-arg","locations":[{"start":{"line":9,"column":36},"end":{"line":9,"column":40}}],"line":9},"1":{"loc":{"start":{"line":14,"column":4},"end":{"line":17,"column":5}},"type":"if","locations":[{"start":{"line":14,"column":4},"end":{"line":17,"column":5}},{"start":{"line":14,"column":4},"end":{"line":17,"column":5}}],"line":14}},"s":{"0":1,"1":0,"2":0,"3":0,"4":0,"5":0,"6":0,"7":0,"8":0,"9":1},"f":{"0":1,"1":0},"b":{"0":[0],"1":[0,0]},"_coverageSchema":"43e27e138ebf9cfc5966b082cf9a028302ed4184","hash":"7cc59620df94ce369255fc6d721a2141c942bde1"}
,"/Users/diogocezar/www/dctb-express-sequelize/src/helpers/SwaggerHelper.js": {"path":"/Users/diogocezar/www/dctb-express-sequelize/src/helpers/SwaggerHelper.js","statementMap":{"0":{"start":{"line":1,"column":21},"end":{"line":1,"column":45}},"1":{"start":{"line":2,"column":18},"end":{"line":2,"column":47}},"2":{"start":{"line":3,"column":13},"end":{"line":3,"column":28}},"3":{"start":{"line":4,"column":26},"end":{"line":4,"column":54}},"4":{"start":{"line":8,"column":19},"end":{"line":8,"column":58}},"5":{"start":{"line":9,"column":19},"end":{"line":9,"column":58}},"6":{"start":{"line":10,"column":4},"end":{"line":13,"column":5}},"7":{"start":{"line":14,"column":4},"end":{"line":14,"column":42}},"8":{"start":{"line":18,"column":4},"end":{"line":22,"column":6}},"9":{"start":{"line":19,"column":6},"end":{"line":19,"column":55}},"10":{"start":{"line":20,"column":6},"end":{"line":20,"column":25}},"11":{"start":{"line":21,"column":6},"end":{"line":21,"column":12}},"12":{"start":{"line":26,"column":4},"end":{"line":26,"column":68}},"13":{"start":{"line":30,"column":4},"end":{"line":30,"column":24}},"14":{"start":{"line":31,"column":4},"end":{"line":31,"column":24}},"15":{"start":{"line":35,"column":0},"end":{"line":35,"column":36}}},"fnMap":{"0":{"name":"(anonymous_0)","decl":{"start":{"line":7,"column":2},"end":{"line":7,"column":3}},"loc":{"start":{"line":7,"column":16},"end":{"line":15,"column":3}},"line":7},"1":{"name":"(anonymous_1)","decl":{"start":{"line":17,"column":2},"end":{"line":17,"column":3}},"loc":{"start":{"line":17,"column":18},"end":{"line":23,"column":3}},"line":17},"2":{"name":"(anonymous_2)","decl":{"start":{"line":18,"column":29},"end":{"line":18,"column":30}},"loc":{"start":{"line":18,"column":49},"end":{"line":22,"column":5}},"line":18},"3":{"name":"(anonymous_3)","decl":{"start":{"line":25,"column":2},"end":{"line":25,"column":3}},"loc":{"start":{"line":25,"column":18},"end":{"line":27,"column":3}},"line":25},"4":{"name":"(anonymous_4)","decl":{"start":{"line":29,"column":2},"end":{"line":29,"column":3}},"loc":{"start":{"line":29,"column":11},"end":{"line":32,"column":3}},"line":29}},"branchMap":{},"s":{"0":1,"1":1,"2":1,"3":1,"4":1,"5":1,"6":1,"7":1,"8":1,"9":0,"10":0,"11":0,"12":1,"13":1,"14":1,"15":1},"f":{"0":1,"1":1,"2":0,"3":1,"4":1},"b":{},"_coverageSchema":"43e27e138ebf9cfc5966b082cf9a028302ed4184","hash":"54de5722eecbcda7aea3b5f975f9a12766aeb42b"}
,"/Users/diogocezar/www/dctb-express-sequelize/src/helpers/ValidationHelper.js": {"path":"/Users/diogocezar/www/dctb-express-sequelize/src/helpers/ValidationHelper.js","statementMap":{"0":{"start":{"line":1,"column":29},"end":{"line":1,"column":63}},"1":{"start":{"line":5,"column":19},"end":{"line":5,"column":40}},"2":{"start":{"line":6,"column":4},"end":{"line":10,"column":5}},"3":{"start":{"line":7,"column":25},"end":{"line":7,"column":51}},"4":{"start":{"line":8,"column":6},"end":{"line":8,"column":30}},"5":{"start":{"line":9,"column":6},"end":{"line":9,"column":45}},"6":{"start":{"line":11,"column":4},"end":{"line":11,"column":15}},"7":{"start":{"line":15,"column":0},"end":{"line":15,"column":39}}},"fnMap":{"0":{"name":"(anonymous_0)","decl":{"start":{"line":4,"column":2},"end":{"line":4,"column":3}},"loc":{"start":{"line":4,"column":34},"end":{"line":12,"column":3}},"line":4}},"branchMap":{"0":{"loc":{"start":{"line":6,"column":4},"end":{"line":10,"column":5}},"type":"if","locations":[{"start":{"line":6,"column":4},"end":{"line":10,"column":5}},{"start":{"line":6,"column":4},"end":{"line":10,"column":5}}],"line":6}},"s":{"0":1,"1":0,"2":0,"3":0,"4":0,"5":0,"6":0,"7":1},"f":{"0":0},"b":{"0":[0,0]},"_coverageSchema":"43e27e138ebf9cfc5966b082cf9a028302ed4184","hash":"a8501c92a014e82144f73a68695349a679c5b127"}
,"/Users/diogocezar/www/dctb-express-sequelize/src/middlewares/IdHashMiddleware.js": {"path":"/Users/diogocezar/www/dctb-express-sequelize/src/middlewares/IdHashMiddleware.js","statementMap":{"0":{"start":{"line":1,"column":12},"end":{"line":1,"column":32}},"1":{"start":{"line":5,"column":4},"end":{"line":20,"column":5}},"2":{"start":{"line":6,"column":25},"end":{"line":6,"column":33}},"3":{"start":{"line":7,"column":6},"end":{"line":18,"column":7}},"4":{"start":{"line":8,"column":8},"end":{"line":17,"column":9}},"5":{"start":{"line":9,"column":22},"end":{"line":9,"column":70}},"6":{"start":{"line":10,"column":21},"end":{"line":10,"column":68}},"7":{"start":{"line":11,"column":28},"end":{"line":11,"column":80}},"8":{"start":{"line":12,"column":10},"end":{"line":12,"column":29}},"9":{"start":{"line":13,"column":27},"end":{"line":13,"column":81}},"10":{"start":{"line":14,"column":10},"end":{"line":14,"column":38}},"11":{"start":{"line":16,"column":10},"end":{"line":16,"column":32}},"12":{"start":{"line":19,"column":6},"end":{"line":19,"column":19}},"13":{"start":{"line":24,"column":0},"end":{"line":24,"column":49}}},"fnMap":{"0":{"name":"(anonymous_0)","decl":{"start":{"line":4,"column":2},"end":{"line":4,"column":3}},"loc":{"start":{"line":4,"column":26},"end":{"line":21,"column":3}},"line":4},"1":{"name":"(anonymous_1)","decl":{"start":{"line":5,"column":11},"end":{"line":5,"column":12}},"loc":{"start":{"line":5,"column":31},"end":{"line":20,"column":5}},"line":5}},"branchMap":{"0":{"loc":{"start":{"line":7,"column":6},"end":{"line":18,"column":7}},"type":"if","locations":[{"start":{"line":7,"column":6},"end":{"line":18,"column":7}},{"start":{"line":7,"column":6},"end":{"line":18,"column":7}}],"line":7}},"s":{"0":1,"1":1,"2":6,"3":6,"4":0,"5":0,"6":0,"7":0,"8":0,"9":0,"10":0,"11":0,"12":6,"13":1},"f":{"0":1,"1":6},"b":{"0":[0,6]},"_coverageSchema":"43e27e138ebf9cfc5966b082cf9a028302ed4184","hash":"4329ebdf2be146164699ec9732f54237c3f20b74"}
,"/Users/diogocezar/www/dctb-express-sequelize/src/middlewares/JwtMiddleware.js": {"path":"/Users/diogocezar/www/dctb-express-sequelize/src/middlewares/JwtMiddleware.js","statementMap":{"0":{"start":{"line":1,"column":12},"end":{"line":1,"column":35}},"1":{"start":{"line":2,"column":22},"end":{"line":2,"column":37}},"2":{"start":{"line":6,"column":4},"end":{"line":19,"column":5}},"3":{"start":{"line":7,"column":25},"end":{"line":7,"column":50}},"4":{"start":{"line":8,"column":6},"end":{"line":10,"column":7}},"5":{"start":{"line":9,"column":8},"end":{"line":9,"column":70}},"6":{"start":{"line":11,"column":24},"end":{"line":11,"column":45}},"7":{"start":{"line":12,"column":6},"end":{"line":18,"column":7}},"8":{"start":{"line":13,"column":24},"end":{"line":13,"column":82}},"9":{"start":{"line":14,"column":8},"end":{"line":14,"column":31}},"10":{"start":{"line":15,"column":8},"end":{"line":15,"column":21}},"11":{"start":{"line":17,"column":8},"end":{"line":17,"column":65}},"12":{"start":{"line":23,"column":22},"end":{"line":23,"column":41}},"13":{"start":{"line":24,"column":13},"end":{"line":24,"column":33}},"14":{"start":{"line":26,"column":0},"end":{"line":26,"column":25}}},"fnMap":{"0":{"name":"(anonymous_0)","decl":{"start":{"line":5,"column":2},"end":{"line":5,"column":3}},"loc":{"start":{"line":5,"column":23},"end":{"line":20,"column":3}},"line":5},"1":{"name":"(anonymous_1)","decl":{"start":{"line":6,"column":11},"end":{"line":6,"column":12}},"loc":{"start":{"line":6,"column":37},"end":{"line":19,"column":5}},"line":6}},"branchMap":{"0":{"loc":{"start":{"line":8,"column":6},"end":{"line":10,"column":7}},"type":"if","locations":[{"start":{"line":8,"column":6},"end":{"line":10,"column":7}},{"start":{"line":8,"column":6},"end":{"line":10,"column":7}}],"line":8}},"s":{"0":1,"1":1,"2":1,"3":3,"4":3,"5":1,"6":2,"7":2,"8":2,"9":1,"10":1,"11":1,"12":1,"13":1,"14":1},"f":{"0":1,"1":3},"b":{"0":[1,2]},"_coverageSchema":"43e27e138ebf9cfc5966b082cf9a028302ed4184","hash":"7c995a226afb2c327c6124a1813d6e5d8925bb5a"}
,"/Users/diogocezar/www/dctb-express-sequelize/src/middlewares/LogMiddleware.js": {"path":"/Users/diogocezar/www/dctb-express-sequelize/src/middlewares/LogMiddleware.js","statementMap":{"0":{"start":{"line":3,"column":4},"end":{"line":13,"column":5}},"1":{"start":{"line":4,"column":63},"end":{"line":4,"column":66}},"2":{"start":{"line":5,"column":24},"end":{"line":5,"column":34}},"3":{"start":{"line":6,"column":22},"end":{"line":10,"column":7}},"4":{"start":{"line":11,"column":6},"end":{"line":11,"column":27}},"5":{"start":{"line":12,"column":6},"end":{"line":12,"column":19}},"6":{"start":{"line":17,"column":4},"end":{"line":31,"column":5}},"7":{"start":{"line":18,"column":22},"end":{"line":18,"column":32}},"8":{"start":{"line":19,"column":24},"end":{"line":19,"column":55}},"9":{"start":{"line":20,"column":38},"end":{"line":20,"column":41}},"10":{"start":{"line":21,"column":18},"end":{"line":26,"column":7}},"11":{"start":{"line":27,"column":6},"end":{"line":27,"column":56}},"12":{"start":{"line":27,"column":19},"end":{"line":27,"column":56}},"13":{"start":{"line":29,"column":6},"end":{"line":29,"column":22}},"14":{"start":{"line":30,"column":6},"end":{"line":30,"column":19}},"15":{"start":{"line":35,"column":22},"end":{"line":35,"column":41}},"16":{"start":{"line":36,"column":27},"end":{"line":36,"column":61}},"17":{"start":{"line":37,"column":25},"end":{"line":37,"column":57}},"18":{"start":{"line":39,"column":0},"end":{"line":39,"column":57}}},"fnMap":{"0":{"name":"(anonymous_0)","decl":{"start":{"line":2,"column":2},"end":{"line":2,"column":3}},"loc":{"start":{"line":2,"column":37},"end":{"line":14,"column":3}},"line":2},"1":{"name":"(anonymous_1)","decl":{"start":{"line":3,"column":11},"end":{"line":3,"column":12}},"loc":{"start":{"line":3,"column":31},"end":{"line":13,"column":5}},"line":3},"2":{"name":"(anonymous_2)","decl":{"start":{"line":16,"column":2},"end":{"line":16,"column":3}},"loc":{"start":{"line":16,"column":35},"end":{"line":32,"column":3}},"line":16},"3":{"name":"(anonymous_3)","decl":{"start":{"line":17,"column":11},"end":{"line":17,"column":12}},"loc":{"start":{"line":17,"column":31},"end":{"line":31,"column":5}},"line":17}},"branchMap":{"0":{"loc":{"start":{"line":27,"column":6},"end":{"line":27,"column":56}},"type":"if","locations":[{"start":{"line":27,"column":6},"end":{"line":27,"column":56}},{"start":{"line":27,"column":6},"end":{"line":27,"column":56}}],"line":27}},"s":{"0":1,"1":6,"2":6,"3":6,"4":6,"5":6,"6":1,"7":0,"8":0,"9":0,"10":0,"11":0,"12":0,"13":0,"14":0,"15":1,"16":1,"17":1,"18":1},"f":{"0":1,"1":6,"2":1,"3":0},"b":{"0":[0,0]},"_coverageSchema":"43e27e138ebf9cfc5966b082cf9a028302ed4184","hash":"d910fe2dcd8dca1d44b821452ad65f33a58ec4f5"}
,"/Users/diogocezar/www/dctb-express-sequelize/src/models/PaymentLinks.js": {"path":"/Users/diogocezar/www/dctb-express-sequelize/src/models/PaymentLinks.js","statementMap":{"0":{"start":{"line":1,"column":18},"end":{"line":1,"column":38}},"1":{"start":{"line":10,"column":4},"end":{"line":93,"column":5}},"2":{"start":{"line":97,"column":0},"end":{"line":97,"column":29}}},"fnMap":{"0":{"name":"(anonymous_0)","decl":{"start":{"line":9,"column":2},"end":{"line":9,"column":3}},"loc":{"start":{"line":9,"column":36},"end":{"line":94,"column":3}},"line":9}},"branchMap":{},"s":{"0":0,"1":0,"2":0},"f":{"0":0},"b":{},"hash":"138518842cb96f591e235f9294a0193f121933d9"}
,"/Users/diogocezar/www/dctb-express-sequelize/src/models/User.js": {"path":"/Users/diogocezar/www/dctb-express-sequelize/src/models/User.js","statementMap":{"0":{"start":{"line":1,"column":18},"end":{"line":1,"column":38}},"1":{"start":{"line":2,"column":15},"end":{"line":2,"column":34}},"2":{"start":{"line":3,"column":12},"end":{"line":3,"column":35}},"3":{"start":{"line":24,"column":17},"end":{"line":43,"column":5}},"4":{"start":{"line":35,"column":12},"end":{"line":37,"column":13}},"5":{"start":{"line":36,"column":14},"end":{"line":36,"column":70}},"6":{"start":{"line":44,"column":4},"end":{"line":46,"column":5}},"7":{"start":{"line":45,"column":6},"end":{"line":45,"column":57}},"8":{"start":{"line":47,"column":4},"end":{"line":49,"column":5}},"9":{"start":{"line":48,"column":6},"end":{"line":48,"column":62}},"10":{"start":{"line":50,"column":4},"end":{"line":50,"column":15}},"11":{"start":{"line":54,"column":0},"end":{"line":54,"column":21}}},"fnMap":{"0":{"name":"(anonymous_0)","decl":{"start":{"line":23,"column":2},"end":{"line":23,"column":3}},"loc":{"start":{"line":23,"column":36},"end":{"line":51,"column":3}},"line":23},"1":{"name":"(anonymous_1)","decl":{"start":{"line":34,"column":22},"end":{"line":34,"column":23}},"loc":{"start":{"line":34,"column":38},"end":{"line":38,"column":11}},"line":34},"2":{"name":"(anonymous_2)","decl":{"start":{"line":44,"column":35},"end":{"line":44,"column":36}},"loc":{"start":{"line":44,"column":55},"end":{"line":46,"column":5}},"line":44},"3":{"name":"(anonymous_3)","decl":{"start":{"line":47,"column":35},"end":{"line":47,"column":36}},"loc":{"start":{"line":47,"column":47},"end":{"line":49,"column":5}},"line":47}},"branchMap":{"0":{"loc":{"start":{"line":35,"column":12},"end":{"line":37,"column":13}},"type":"if","locations":[{"start":{"line":35,"column":12},"end":{"line":37,"column":13}},{"start":{"line":35,"column":12},"end":{"line":37,"column":13}}],"line":35}},"s":{"0":2,"1":2,"2":2,"3":2,"4":5,"5":5,"6":2,"7":3,"8":2,"9":3,"10":2,"11":2},"f":{"0":2,"1":5,"2":3,"3":3},"b":{"0":[5,0]},"_coverageSchema":"43e27e138ebf9cfc5966b082cf9a028302ed4184","hash":"72be7d8d024faab52823f237fa557ec59652db50"}
,"/Users/diogocezar/www/dctb-express-sequelize/src/models/index.js": {"path":"/Users/diogocezar/www/dctb-express-sequelize/src/models/index.js","statementMap":{"0":{"start":{"line":1,"column":18},"end":{"line":1,"column":38}},"1":{"start":{"line":2,"column":15},"end":{"line":2,"column":44}},"2":{"start":{"line":3,"column":18},"end":{"line":3,"column":35}},"3":{"start":{"line":6,"column":18},"end":{"line":6,"column":90}},"4":{"start":{"line":8,"column":15},"end":{"line":11,"column":1}},"5":{"start":{"line":13,"column":0},"end":{"line":15,"column":44}},"6":{"start":{"line":14,"column":19},"end":{"line":14,"column":56}},"7":{"start":{"line":15,"column":20},"end":{"line":15,"column":43}},"8":{"start":{"line":17,"column":11},"end":{"line":20,"column":1}},"9":{"start":{"line":22,"column":0},"end":{"line":22,"column":19}}},"fnMap":{"0":{"name":"(anonymous_0)","decl":{"start":{"line":14,"column":10},"end":{"line":14,"column":11}},"loc":{"start":{"line":14,"column":19},"end":{"line":14,"column":56}},"line":14},"1":{"name":"(anonymous_1)","decl":{"start":{"line":15,"column":11},"end":{"line":15,"column":12}},"loc":{"start":{"line":15,"column":20},"end":{"line":15,"column":43}},"line":15}},"branchMap":{},"s":{"0":2,"1":2,"2":2,"3":2,"4":2,"5":2,"6":2,"7":0,"8":2,"9":2},"f":{"0":2,"1":0},"b":{},"_coverageSchema":"43e27e138ebf9cfc5966b082cf9a028302ed4184","hash":"a0f0379c29695e9c5e1684ef83ddf0676ec77e9a"}
,"/Users/diogocezar/www/dctb-express-sequelize/src/routes/index.js": {"path":"/Users/diogocezar/www/dctb-express-sequelize/src/routes/index.js","statementMap":{"0":{"start":{"line":1,"column":16},"end":{"line":1,"column":34}},"1":{"start":{"line":3,"column":15},"end":{"line":3,"column":31}},"2":{"start":{"line":5,"column":42},"end":{"line":5,"column":82}},"3":{"start":{"line":6,"column":31},"end":{"line":6,"column":79}},"4":{"start":{"line":7,"column":26},"end":{"line":7,"column":69}},"5":{"start":{"line":8,"column":17},"end":{"line":8,"column":56}},"6":{"start":{"line":12,"column":4},"end":{"line":12,"column":24}},"7":{"start":{"line":13,"column":4},"end":{"line":13,"column":20}},"8":{"start":{"line":44,"column":4},"end":{"line":44,"column":53}},"9":{"start":{"line":70,"column":4},"end":{"line":70,"column":82}},"10":{"start":{"line":71,"column":4},"end":{"line":71,"column":65}},"11":{"start":{"line":72,"column":4},"end":{"line":72,"column":58}},"12":{"start":{"line":74,"column":4},"end":{"line":74,"column":25}},"13":{"start":{"line":75,"column":4},"end":{"line":75,"column":71}},"14":{"start":{"line":75,"column":48},"end":{"line":75,"column":70}},"15":{"start":{"line":79,"column":4},"end":{"line":79,"column":22}},"16":{"start":{"line":83,"column":0},"end":{"line":83,"column":41}}},"fnMap":{"0":{"name":"(anonymous_0)","decl":{"start":{"line":11,"column":2},"end":{"line":11,"column":3}},"loc":{"start":{"line":11,"column":16},"end":{"line":14,"column":3}},"line":11},"1":{"name":"(anonymous_1)","decl":{"start":{"line":19,"column":2},"end":{"line":19,"column":3}},"loc":{"start":{"line":19,"column":14},"end":{"line":76,"column":3}},"line":19},"2":{"name":"(anonymous_2)","decl":{"start":{"line":75,"column":34},"end":{"line":75,"column":35}},"loc":{"start":{"line":75,"column":48},"end":{"line":75,"column":70}},"line":75},"3":{"name":"(anonymous_3)","decl":{"start":{"line":78,"column":2},"end":{"line":78,"column":3}},"loc":{"start":{"line":78,"column":14},"end":{"line":80,"column":3}},"line":78}},"branchMap":{},"s":{"0":1,"1":1,"2":1,"3":1,"4":1,"5":1,"6":1,"7":1,"8":1,"9":1,"10":1,"11":1,"12":1,"13":1,"14":1,"15":1,"16":1},"f":{"0":1,"1":1,"2":1,"3":1},"b":{},"_coverageSchema":"43e27e138ebf9cfc5966b082cf9a028302ed4184","hash":"ef68a3ad7ec68f5a58cc0cdede6c1527225afbf1"}
}
