TN:
SF:/Users/diogocezar/www/dctb-express-sequelize/src/app.js
FN:14,(anonymous_0)
FN:22,(anonymous_1)
FN:29,(anonymous_2)
FN:33,(anonymous_3)
FN:37,(anonymous_4)
FNF:5
FNH:5
FNDA:1,(anonymous_0)
FNDA:1,(anonymous_1)
FNDA:1,(anonymous_2)
FNDA:1,(anonymous_3)
FNDA:1,(anonymous_4)
DA:1,1
DA:5,1
DA:6,1
DA:7,1
DA:9,1
DA:10,1
DA:11,1
DA:15,1
DA:16,1
DA:17,1
DA:18,1
DA:19,1
DA:23,1
DA:24,1
DA:25,1
DA:26,1
DA:30,1
DA:34,1
DA:38,1
DA:42,1
LF:20
LH:20
BRDA:2,0,0,1
BRDA:2,0,1,0
BRF:2
BRH:1
end_of_record
TN:
SF:/Users/diogocezar/www/dctb-express-sequelize/src/server.js
FNF:0
FNH:0
DA:1,0
DA:3,0
LF:2
LH:0
BRDA:3,0,0,0
BRDA:3,0,1,0
BRF:2
BRH:0
end_of_record
TN:
SF:/Users/diogocezar/www/dctb-express-sequelize/src/config/database.js
FNF:0
FNH:0
DA:1,2
DA:5,2
LF:2
LH:2
BRDA:2,0,0,2
BRDA:2,0,1,0
BRF:2
BRH:1
end_of_record
TN:
SF:/Users/diogocezar/www/dctb-express-sequelize/src/config/jwt.js
FNF:0
FNH:0
DA:1,0
DA:3,0
LF:2
LH:0
BRF:0
BRH:0
end_of_record
TN:
SF:/Users/diogocezar/www/dctb-express-sequelize/src/config/swagger.js
FNF:0
FNH:0
DA:1,1
DA:3,1
LF:2
LH:2
BRDA:9,0,0,1
BRDA:9,0,1,0
BRF:2
BRH:1
end_of_record
TN:
SF:/Users/diogocezar/www/dctb-express-sequelize/src/controllers/PaymentLinksController.js
FN:4,(anonymous_0)
FNF:1
FNH:0
FNDA:0,(anonymous_0)
DA:1,1
DA:5,0
DA:6,0
DA:10,1
LF:4
LH:2
BRF:0
BRH:0
end_of_record
TN:
SF:/Users/diogocezar/www/dctb-express-sequelize/src/controllers/SessionController.js
FN:5,(anonymous_0)
FNF:1
FNH:1
FNDA:3,(anonymous_0)
DA:1,1
DA:2,1
DA:6,3
DA:7,3
DA:8,3
DA:9,3
DA:10,1
DA:12,2
DA:16,1
LF:9
LH:9
BRDA:8,0,0,0
BRDA:8,0,1,3
BRDA:9,1,0,1
BRDA:9,1,1,2
BRF:4
BRH:3
end_of_record
TN:
SF:/Users/diogocezar/www/dctb-express-sequelize/src/controllers/UserController.js
FN:7,(anonymous_0)
FN:33,(anonymous_1)
FN:45,(anonymous_2)
FNF:3
FNH:1
FNDA:1,(anonymous_0)
FNDA:0,(anonymous_1)
FNDA:0,(anonymous_2)
DA:1,1
DA:2,1
DA:3,1
DA:4,1
DA:8,1
DA:34,0
DA:35,0
DA:36,0
DA:37,0
DA:40,0
DA:42,0
DA:46,0
DA:47,0
DA:50,0
DA:51,0
DA:55,1
DA:56,1
LF:17
LH:7
BRDA:35,0,0,0
BRDA:35,0,1,0
BRDA:47,1,0,0
BRDA:47,1,1,0
BRF:4
BRH:0
end_of_record
TN:
SF:/Users/diogocezar/www/dctb-express-sequelize/src/database/migrations/20190420125737-create-users.js
FN:2,(anonymous_0)
FN:32,(anonymous_1)
FNF:2
FNH:0
FNDA:0,(anonymous_0)
FNDA:0,(anonymous_1)
DA:1,0
DA:2,0
DA:32,0
LF:3
LH:0
BRF:0
BRH:0
end_of_record
TN:
SF:/Users/diogocezar/www/dctb-express-sequelize/src/database/migrations/20190427113310-create-logs.js
FN:2,(anonymous_0)
FN:40,(anonymous_1)
FNF:2
FNH:0
FNDA:0,(anonymous_0)
FNDA:0,(anonymous_1)
DA:1,0
DA:2,0
DA:40,0
LF:3
LH:0
BRF:0
BRH:0
end_of_record
TN:
SF:/Users/diogocezar/www/dctb-express-sequelize/src/database/seeders/20190427211243-demo-user.js
FN:2,(anonymous_0)
FN:14,(anonymous_1)
FNF:2
FNH:0
FNDA:0,(anonymous_0)
FNDA:0,(anonymous_1)
DA:1,0
DA:2,0
DA:14,0
LF:3
LH:0
BRF:0
BRH:0
end_of_record
TN:
SF:/Users/diogocezar/www/dctb-express-sequelize/src/helpers/ResponseHelper.js
FN:2,(anonymous_0)
FN:9,(anonymous_1)
FNF:2
FNH:1
FNDA:1,(anonymous_0)
FNDA:0,(anonymous_1)
DA:3,1
DA:10,0
DA:11,0
DA:12,0
DA:13,0
DA:14,0
DA:15,0
DA:16,0
DA:18,0
DA:22,1
LF:10
LH:2
BRDA:9,0,0,0
BRDA:14,1,0,0
BRDA:14,1,1,0
BRF:3
BRH:0
end_of_record
TN:
SF:/Users/diogocezar/www/dctb-express-sequelize/src/helpers/SwaggerHelper.js
FN:7,(anonymous_0)
FN:17,(anonymous_1)
FN:18,(anonymous_2)
FN:25,(anonymous_3)
FN:29,(anonymous_4)
FNF:5
FNH:4
FNDA:1,(anonymous_0)
FNDA:1,(anonymous_1)
FNDA:0,(anonymous_2)
FNDA:1,(anonymous_3)
FNDA:1,(anonymous_4)
DA:1,1
DA:2,1
DA:3,1
DA:4,1
DA:8,1
DA:9,1
DA:10,1
DA:14,1
DA:18,1
DA:19,0
DA:20,0
DA:21,0
DA:26,1
DA:30,1
DA:31,1
DA:35,1
LF:16
LH:13
BRF:0
BRH:0
end_of_record
TN:
SF:/Users/diogocezar/www/dctb-express-sequelize/src/helpers/ValidationHelper.js
FN:4,(anonymous_0)
FNF:1
FNH:0
FNDA:0,(anonymous_0)
DA:1,1
DA:5,0
DA:6,0
DA:7,0
DA:8,0
DA:9,0
DA:11,0
DA:15,1
LF:8
LH:2
BRDA:6,0,0,0
BRDA:6,0,1,0
BRF:2
BRH:0
end_of_record
TN:
SF:/Users/diogocezar/www/dctb-express-sequelize/src/middlewares/IdHashMiddleware.js
FN:4,(anonymous_0)
FN:5,(anonymous_1)
FNF:2
FNH:2
FNDA:1,(anonymous_0)
FNDA:6,(anonymous_1)
DA:1,1
DA:5,1
DA:6,6
DA:7,6
DA:8,0
DA:9,0
DA:10,0
DA:11,0
DA:12,0
DA:13,0
DA:14,0
DA:16,0
DA:19,6
DA:24,1
LF:14
LH:6
BRDA:7,0,0,0
BRDA:7,0,1,6
BRF:2
BRH:1
end_of_record
TN:
SF:/Users/diogocezar/www/dctb-express-sequelize/src/middlewares/JwtMiddleware.js
FN:5,(anonymous_0)
FN:6,(anonymous_1)
FNF:2
FNH:2
FNDA:1,(anonymous_0)
FNDA:3,(anonymous_1)
DA:1,1
DA:2,1
DA:6,1
DA:7,3
DA:8,3
DA:9,1
DA:11,2
DA:12,2
DA:13,2
DA:14,1
DA:15,1
DA:17,1
DA:23,1
DA:24,1
DA:26,1
LF:15
LH:15
BRDA:8,0,0,1
BRDA:8,0,1,2
BRF:2
BRH:2
end_of_record
TN:
SF:/Users/diogocezar/www/dctb-express-sequelize/src/middlewares/LogMiddleware.js
FN:2,(anonymous_0)
FN:3,(anonymous_1)
FN:16,(anonymous_2)
FN:17,(anonymous_3)
FNF:4
FNH:3
FNDA:1,(anonymous_0)
FNDA:6,(anonymous_1)
FNDA:1,(anonymous_2)
FNDA:0,(anonymous_3)
DA:3,1
DA:4,6
DA:5,6
DA:6,6
DA:11,6
DA:12,6
DA:17,1
DA:18,0
DA:19,0
DA:20,0
DA:21,0
DA:27,0
DA:29,0
DA:30,0
DA:35,1
DA:36,1
DA:37,1
DA:39,1
LF:18
LH:11
BRDA:27,0,0,0
BRDA:27,0,1,0
BRF:2
BRH:0
end_of_record
TN:
SF:/Users/diogocezar/www/dctb-express-sequelize/src/models/PaymentLinks.js
FN:9,(anonymous_0)
FNF:1
FNH:0
FNDA:0,(anonymous_0)
DA:1,0
DA:10,0
DA:97,0
LF:3
LH:0
BRF:0
BRH:0
end_of_record
TN:
SF:/Users/diogocezar/www/dctb-express-sequelize/src/models/User.js
FN:23,(anonymous_0)
FN:34,(anonymous_1)
FN:44,(anonymous_2)
FN:47,(anonymous_3)
FNF:4
FNH:4
FNDA:2,(anonymous_0)
FNDA:5,(anonymous_1)
FNDA:3,(anonymous_2)
FNDA:3,(anonymous_3)
DA:1,2
DA:2,2
DA:3,2
DA:24,2
DA:35,5
DA:36,5
DA:44,2
DA:45,3
DA:47,2
DA:48,3
DA:50,2
DA:54,2
LF:12
LH:12
BRDA:35,0,0,5
BRDA:35,0,1,0
BRF:2
BRH:1
end_of_record
TN:
SF:/Users/diogocezar/www/dctb-express-sequelize/src/models/index.js
FN:14,(anonymous_0)
FN:15,(anonymous_1)
FNF:2
FNH:1
FNDA:2,(anonymous_0)
FNDA:0,(anonymous_1)
DA:1,2
DA:2,2
DA:3,2
DA:6,2
DA:8,2
DA:13,2
DA:14,2
DA:15,0
DA:17,2
DA:22,2
LF:10
LH:9
BRF:0
BRH:0
end_of_record
TN:
SF:/Users/diogocezar/www/dctb-express-sequelize/src/routes/index.js
FN:11,(anonymous_0)
FN:19,(anonymous_1)
FN:75,(anonymous_2)
FN:78,(anonymous_3)
FNF:4
FNH:4
FNDA:1,(anonymous_0)
FNDA:1,(anonymous_1)
FNDA:1,(anonymous_2)
FNDA:1,(anonymous_3)
DA:1,1
DA:3,1
DA:5,1
DA:6,1
DA:7,1
DA:8,1
DA:12,1
DA:13,1
DA:44,1
DA:70,1
DA:71,1
DA:72,1
DA:74,1
DA:75,1
DA:79,1
DA:83,1
LF:16
LH:16
BRF:0
BRH:0
end_of_record
